<?xml version="1.0" encoding="UTF-8"?>
<testng-results ignored="1" total="2" passed="1" failed="0" skipped="0">
  <reporter-output>
  </reporter-output>
  <suite started-at="2022-06-15T00:42:57 IST" name="Suite" finished-at="2022-06-15T00:42:57 IST" duration-ms="56">
    <groups>
      <group name="groupTst">
        <method signature="NewTest.test1()[pri:0, instance:testing.NewTest@23c30a20]" name="test1" class="testing.NewTest"/>
      </group> <!-- groupTst -->
    </groups>
    <test started-at="2022-06-15T00:42:57 IST" name="Test" finished-at="2022-06-15T00:42:57 IST" duration-ms="56">
      <class name="testing.NewTest">
        <test-method signature="test1()[pri:0, instance:testing.NewTest@23c30a20]" started-at="2022-06-15T00:42:57 IST" name="test1" finished-at="2022-06-15T00:42:57 IST" duration-ms="9" status="PASS">
          <reporter-output>
          </reporter-output>
        </test-method> <!-- test1 -->
      </class> <!-- testing.NewTest -->
    </test> <!-- Test -->
  </suite> <!-- Suite -->
</testng-results>
